Starting Install...

added 3 packages in 3s

2 packages are looking for funding
  run `npm fund` for details
npm notice
npm notice New major version of npm available! 10.8.2 -> 11.7.0
npm notice Changelog: https://github.com/npm/cli/releases/tag/v11.7.0
npm notice To update run: npm install -g npm@11.7.0
npm notice
package.json
npm warn EBADENGINE Unsupported engine {
npm warn EBADENGINE   package: '@exodus/bytes@1.8.0',
npm warn EBADENGINE   required: { node: '^20.19.0 || ^22.12.0 || >=24.0.0' },
npm warn EBADENGINE   current: { node: 'v20.18.0', npm: '10.8.2' }
npm warn EBADENGINE }
npm warn EBADENGINE Unsupported engine {
npm warn EBADENGINE   package: '@vitejs/plugin-react@5.1.2',
npm warn EBADENGINE   required: { node: '^20.19.0 || >=22.12.0' },
npm warn EBADENGINE   current: { node: 'v20.18.0', npm: '10.8.2' }
npm warn EBADENGINE }
npm warn EBADENGINE Unsupported engine {
npm warn EBADENGINE   package: 'html-encoding-sniffer@6.0.0',
npm warn EBADENGINE   required: { node: '^20.19.0 || ^22.12.0 || >=24.0.0' },
npm warn EBADENGINE   current: { node: 'v20.18.0', npm: '10.8.2' }
npm warn EBADENGINE }
npm warn EBADENGINE Unsupported engine {
npm warn EBADENGINE   package: 'jsdom@27.4.0',
npm warn EBADENGINE   required: { node: '^20.19.0 || ^22.12.0 || >=24.0.0' },
npm warn EBADENGINE   current: { node: 'v20.18.0', npm: '10.8.2' }
npm warn EBADENGINE }
npm warn EBADENGINE Unsupported engine {
npm warn EBADENGINE   package: 'vite@7.3.1',
npm warn EBADENGINE   required: { node: '^20.19.0 || >=22.12.0' },
npm warn EBADENGINE   current: { node: 'v20.18.0', npm: '10.8.2' }
npm warn EBADENGINE }

up to date, audited 465 packages in 2s

159 packages are looking for funding
  run `npm fund` for details

found 0 vulnerabilities
Done!
